<?xml version="1.0" encoding="UTF-8"?>
<!-- Generated by org.testng.reporters.JUnitReportReporter -->
<testsuite hostname="Varsha" name="rc25.mFormsAutomation.Testcases.TC004_CreateBlankForm" tests="1" failures="0" timestamp="5 Apr 2016 13:20:26 GMT" time="162.077" errors="0">
  <testcase name="main" time="162.077" classname="rc25.mFormsAutomation.Testcases.TC004_CreateBlankForm"/>
</testsuite> <!-- rc25.mFormsAutomation.Testcases.TC004_CreateBlankForm -->
