<?xml version="1.0" encoding="UTF-8"?>
<!-- Generated by org.testng.reporters.JUnitReportReporter -->
<testsuite hostname="Deepaksoni" name="rc25.mFormsAutomation.Testcases.TC001_Registration" tests="1" failures="0" timestamp="15 Mar 2016 12:50:15 GMT" time="39.157" errors="0">
  <testcase name="main" time="39.157" classname="rc25.mFormsAutomation.Testcases.TC001_Registration"/>
</testsuite> <!-- rc25.mFormsAutomation.Testcases.TC001_Registration -->
