<?xml version="1.0" encoding="UTF-8"?>
<!-- Generated by org.testng.reporters.JUnitReportReporter -->
<testsuite hostname="Varsha" name="rc25.mFormsAutomation.Testcases.TC002_Login" tests="1" failures="0" timestamp="28 Mar 2016 11:59:36 GMT" time="64.885" errors="0">
  <testcase name="main" time="64.885" classname="rc25.mFormsAutomation.Testcases.TC002_Login"/>
</testsuite> <!-- rc25.mFormsAutomation.Testcases.TC002_Login -->
