<?xml version="1.0" encoding="UTF-8"?>
<!-- Generated by org.testng.reporters.JUnitReportReporter -->
<testsuite hostname="Varsha" name="rc25.mFormsAutomation.Testcases.TC003_ForgotPassword" tests="1" failures="0" timestamp="29 Mar 2016 11:04:04 GMT" time="27.724" errors="0">
  <testcase name="main" time="27.724" classname="rc25.mFormsAutomation.Testcases.TC003_ForgotPassword"/>
</testsuite> <!-- rc25.mFormsAutomation.Testcases.TC003_ForgotPassword -->
