<?xml version="1.0" encoding="UTF-8"?>
<!-- Generated by org.testng.reporters.JUnitReportReporter -->
<testsuite hostname="Varsha" name="rc25.mFormsAutomation.Testcases.TC001_Registration" tests="1" failures="0" timestamp="14 Mar 2016 12:17:36 GMT" time="41.158" errors="0">
  <testcase name="main" time="41.158" classname="rc25.mFormsAutomation.Testcases.TC001_Registration"/>
</testsuite> <!-- rc25.mFormsAutomation.Testcases.TC001_Registration -->
