<?xml version="1.0" encoding="UTF-8"?>
<!-- Generated by org.testng.reporters.JUnitReportReporter -->
<testsuite hostname="Varsha" name="rc25.mFormsAutomation.Testcases.TC001_Registration" tests="1" failures="0" timestamp="25 Feb 2016 13:08:43 GMT" time="41.652" errors="0">
  <testcase name="main" time="41.652" classname="rc25.mFormsAutomation.Testcases.TC001_Registration"/>
</testsuite> <!-- rc25.mFormsAutomation.Testcases.TC001_Registration -->
