<?xml version="1.0" encoding="UTF-8"?>
<!-- Generated by org.testng.reporters.JUnitReportReporter -->
<testsuite hostname="Varsha" name="rc25.mFormsAutomation.Testcases.TC004_CreateBlankForm" tests="1" failures="0" timestamp="10 Mar 2016 10:05:58 GMT" time="576.227" errors="0">
  <testcase name="main" time="576.227" classname="rc25.mFormsAutomation.Testcases.TC004_CreateBlankForm"/>
</testsuite> <!-- rc25.mFormsAutomation.Testcases.TC004_CreateBlankForm -->
