<?xml version="1.0" encoding="UTF-8"?>
<!-- Generated by org.testng.reporters.JUnitReportReporter -->
<testsuite hostname="Deepaksoni" name="rc25.mFormsAutomation.Testcases.TC001_Registration" tests="1" failures="0" timestamp="17 Mar 2016 12:00:50 GMT" time="49.951" errors="0">
  <testcase name="main" time="49.951" classname="rc25.mFormsAutomation.Testcases.TC001_Registration"/>
</testsuite> <!-- rc25.mFormsAutomation.Testcases.TC001_Registration -->
