<?xml version="1.0" encoding="UTF-8"?>
<!-- Generated by org.testng.reporters.JUnitReportReporter -->
<testsuite hostname="Varsha" name="rc25.mFormsAutomation.Testcases.TC002_Login" tests="1" failures="0" timestamp="14 Mar 2016 12:17:36 GMT" time="77.409" errors="0">
  <testcase name="main" time="77.409" classname="rc25.mFormsAutomation.Testcases.TC002_Login"/>
</testsuite> <!-- rc25.mFormsAutomation.Testcases.TC002_Login -->
