<?xml version="1.0" encoding="UTF-8"?>
<!-- Generated by org.testng.reporters.JUnitReportReporter -->
<testsuite hostname="Varsha" name="rc25.mFormsAutomation.Testcases.TC004_CreateBlankForm" tests="1" failures="0" timestamp="28 Mar 2016 12:29:46 GMT" time="158.162" errors="0">
  <testcase name="main" time="158.162" classname="rc25.mFormsAutomation.Testcases.TC004_CreateBlankForm"/>
</testsuite> <!-- rc25.mFormsAutomation.Testcases.TC004_CreateBlankForm -->
