<?xml version="1.0" encoding="UTF-8"?>
<!-- Generated by org.testng.reporters.JUnitReportReporter -->
<testsuite hostname="Deepaksoni" name="rc25.mFormsAutomation.Testcases.TC002_Login" tests="1" failures="0" timestamp="15 Mar 2016 12:53:09 GMT" time="72.601" errors="0">
  <testcase name="main" time="72.601" classname="rc25.mFormsAutomation.Testcases.TC002_Login"/>
</testsuite> <!-- rc25.mFormsAutomation.Testcases.TC002_Login -->
